<?xml version="1.0" encoding="UTF-8"?>
<testsuite name="GitInternalsTest" tests="1" skipped="0" failures="1" errors="0" timestamp="2024-12-08T13:09:15" hostname="M7VH4X0MPP" time="0.096">
  <properties/>
  <testcase name="start" classname="GitInternalsTest" time="0.096">
    <failure message="java.lang.AssertionError: Wrong answer in test #3&#10;&#10;Number of lines in your output (4) does not match expected value(5)&#10;&#10;Please find below the output of your program during this failed test.&#10;Note that the '&gt;' character indicates the beginning of the input line.&#10;&#10;---&#10;&#10;Enter .git directory location:&#10;&gt; test/gitone&#10;Enter git object hash:&#10;&gt; fb043556c251cb450a0d55e4ceb1ff35e12029c3&#10;*TREE*&#10;100644 2b26efbfbd5c04375defbfbd2037efbfbdefbfbd4c2a45efbfbd04efbfbd71efbfbd main.kt" type="java.lang.AssertionError">java.lang.AssertionError: Wrong answer in test #3

Number of lines in your output (4) does not match expected value(5)

Please find below the output of your program during this failed test.
Note that the '&gt;' character indicates the beginning of the input line.

---

Enter .git directory location:
&gt; test/gitone
Enter git object hash:
&gt; fb043556c251cb450a0d55e4ceb1ff35e12029c3
*TREE*
100644 2b26efbfbd5c04375defbfbd2037efbfbdefbfbd4c2a45efbfbd04efbfbd71efbfbd main.kt
	at org.junit.Assert.fail(Assert.java:89)
	at org.hyperskill.hstest.stage.StageTest.start(StageTest.java:208)
	at java.base/jdk.internal.reflect.DirectMethodHandleAccessor.invoke(DirectMethodHandleAccessor.java:103)
	at java.base/java.lang.reflect.Method.invoke(Method.java:580)
	at org.junit.runners.model.FrameworkMethod$1.runReflectiveCall(FrameworkMethod.java:59)
	at org.junit.internal.runners.model.ReflectiveCallable.run(ReflectiveCallable.java:12)
	at org.junit.runners.model.FrameworkMethod.invokeExplosively(FrameworkMethod.java:56)
	at org.junit.internal.runners.statements.InvokeMethod.evaluate(InvokeMethod.java:17)
	at org.junit.runners.ParentRunner$3.evaluate(ParentRunner.java:306)
	at org.junit.runners.BlockJUnit4ClassRunner$1.evaluate(BlockJUnit4ClassRunner.java:100)
	at org.junit.runners.ParentRunner.runLeaf(ParentRunner.java:366)
	at org.junit.runners.BlockJUnit4ClassRunner.runChild(BlockJUnit4ClassRunner.java:103)
	at org.junit.runners.BlockJUnit4ClassRunner.runChild(BlockJUnit4ClassRunner.java:63)
	at org.junit.runners.ParentRunner$4.run(ParentRunner.java:331)
	at org.junit.runners.ParentRunner$1.schedule(ParentRunner.java:79)
	at org.junit.runners.ParentRunner.runChildren(ParentRunner.java:329)
	at org.junit.runners.ParentRunner.access$100(ParentRunner.java:66)
	at org.junit.runners.ParentRunner$2.evaluate(ParentRunner.java:293)
	at org.junit.runners.ParentRunner$3.evaluate(ParentRunner.java:306)
	at org.junit.runners.ParentRunner.run(ParentRunner.java:413)
	at org.gradle.api.internal.tasks.testing.junit.JUnitTestClassExecutor.runTestClass(JUnitTestClassExecutor.java:112)
	at org.gradle.api.internal.tasks.testing.junit.JUnitTestClassExecutor.execute(JUnitTestClassExecutor.java:58)
	at org.gradle.api.internal.tasks.testing.junit.JUnitTestClassExecutor.execute(JUnitTestClassExecutor.java:40)
	at org.gradle.api.internal.tasks.testing.junit.AbstractJUnitTestClassProcessor.processTestClass(AbstractJUnitTestClassProcessor.java:60)
	at org.gradle.api.internal.tasks.testing.SuiteTestClassProcessor.processTestClass(SuiteTestClassProcessor.java:52)
	at java.base/jdk.internal.reflect.DirectMethodHandleAccessor.invoke(DirectMethodHandleAccessor.java:103)
	at java.base/java.lang.reflect.Method.invoke(Method.java:580)
	at org.gradle.internal.dispatch.ReflectionDispatch.dispatch(ReflectionDispatch.java:36)
	at org.gradle.internal.dispatch.ReflectionDispatch.dispatch(ReflectionDispatch.java:24)
	at org.gradle.internal.dispatch.ContextClassLoaderDispatch.dispatch(ContextClassLoaderDispatch.java:33)
	at org.gradle.internal.dispatch.ProxyDispatchAdapter$DispatchingInvocationHandler.invoke(ProxyDispatchAdapter.java:94)
	at jdk.proxy1/jdk.proxy1.$Proxy2.processTestClass(Unknown Source)
	at org.gradle.api.internal.tasks.testing.worker.TestWorker$2.run(TestWorker.java:176)
	at org.gradle.api.internal.tasks.testing.worker.TestWorker.executeAndMaintainThreadName(TestWorker.java:129)
	at org.gradle.api.internal.tasks.testing.worker.TestWorker.execute(TestWorker.java:100)
	at org.gradle.api.internal.tasks.testing.worker.TestWorker.execute(TestWorker.java:60)
	at org.gradle.process.internal.worker.child.ActionExecutionWorker.execute(ActionExecutionWorker.java:56)
	at org.gradle.process.internal.worker.child.SystemApplicationClassLoaderWorker.call(SystemApplicationClassLoaderWorker.java:113)
	at org.gradle.process.internal.worker.child.SystemApplicationClassLoaderWorker.call(SystemApplicationClassLoaderWorker.java:65)
	at worker.org.gradle.process.internal.worker.GradleWorkerMain.run(GradleWorkerMain.java:69)
	at worker.org.gradle.process.internal.worker.GradleWorkerMain.main(GradleWorkerMain.java:74)
</failure>
  </testcase>
  <system-out><![CDATA[?[1;31m
Start test 1?[0m
Enter .git directory location:
> test/gitone
Enter git object hash:
> 0eee6a98471a350b2c2316313114185ecaf82f0e
*COMMIT*
tree: 79401ddb0e2c0fe0472c813754dd4a8873b66a84
parents: 12a4717e84b5e414f93cc91ca50a6d5a6c3563a0
author: Smith mr.smith@matrix original timestamp: 2020-03-29 17:18:20 +03:00
committer: Cypher cypher@matrix commit timestamp: 2020-03-29 17:25:52 +03:00
commit message:
get docs from feature1

?[1;31m
Start test 2?[0m
Enter .git directory location:
> test/gitone
Enter git object hash:
> 490f96725348e92770d3c6bab9ec532564b7ebe0
*BLOB*
fun main() {
    while(true) {
        println("Hello Hyperskill student!")
    }
} 

?[1;31m
Start test 3?[0m
Enter .git directory location:
> test/gitone
Enter git object hash:
> fb043556c251cb450a0d55e4ceb1ff35e12029c3
*TREE*
100644 2b26efbfbd5c04375defbfbd2037efbfbdefbfbd4c2a45efbfbd04efbfbd71efbfbd main.kt
]]></system-out>
  <system-err><![CDATA[]]></system-err>
</testsuite>
